MIF/HEX Update report for AHMES
Sat Jul 23 17:49:34 2016
Quartus II Version 9.1 Build 350 03/24/2010 Service Pack 2 SJ Web Edition


---------------------
; Table of Contents ;
---------------------
  1. Legal Notice
  2. MIF/HEX Update Summary
  3. MIF/HEX Update Processed Files
  4. MIF/HEX Update Messages



----------------
; Legal Notice ;
----------------
Copyright (C) 1991-2010 Altera Corporation
Your use of Altera Corporation's design tools, logic functions 
and other software and tools, and its AMPP partner logic 
functions, and any output files from any of the foregoing 
(including device programming or simulation files), and any 
associated documentation or information are expressly subject 
to the terms and conditions of the Altera Program License 
Subscription Agreement, Altera MegaCore Function License 
Agreement, or other applicable license agreement, including, 
without limitation, that your use is for the sole purpose of 
programming logic devices manufactured by Altera and sold by 
Altera or its authorized distributors.  Please refer to the 
applicable agreement for further details.



+---------------------------------------------------------------+
; MIF/HEX Update Summary                                        ;
+-----------------------+---------------------------------------+
; MIF/HEX Update Status ; Successful - Sat Jul 23 17:49:34 2016 ;
; Revision Name         ; AHMES                                 ;
; Top-level Entity Name ; CPU                                   ;
; Family                ; Cyclone IV E                          ;
; Device                ; EP4CE6E22C8                           ;
+-----------------------+---------------------------------------+


+--------------------------------+
; MIF/HEX Update Processed Files ;
+--------------------------------+
; File Name                      ;
+--------------------------------+
; E:/VHDL/AHMES_IO2/ahmes.mif    ;
; E:/VHDL/AHMES_IO2/loop2.mif    ;
+--------------------------------+


+-------------------------+
; MIF/HEX Update Messages ;
+-------------------------+
Info: *******************************************************************
Info: Running Quartus II MIF/HEX Update
    Info: Version 9.1 Build 350 03/24/2010 Service Pack 2 SJ Web Edition
    Info: Processing started: Sat Jul 23 17:49:33 2016
Info: Command: quartus_cdb AHMES -c AHMES --update_mif
Info: Processed the following Memory Initialization File(s)
    Info: Processed Memory Initialization File E:/VHDL/AHMES_IO2/ahmes.mif
    Info: Processed Memory Initialization File E:/VHDL/AHMES_IO2/loop2.mif
Info: Quartus II MIF/HEX Update was successful. 0 errors, 0 warnings
    Info: Peak virtual memory: 191 megabytes
    Info: Processing ended: Sat Jul 23 17:49:34 2016
    Info: Elapsed time: 00:00:01
    Info: Total CPU time (on all processors): 00:00:00


