Flow report for FPz8_Cyclone_IV
Fri Nov 25 10:12:12 2016
Quartus II Version 9.1 Build 350 03/24/2010 Service Pack 2 SJ Web Edition


---------------------
; Table of Contents ;
---------------------
  1. Legal Notice
  2. Flow Summary
  3. Flow Settings
  4. Flow Non-Default Global Settings
  5. Flow Elapsed Time
  6. Flow OS Summary
  7. Flow Log



----------------
; Legal Notice ;
----------------
Copyright (C) 1991-2010 Altera Corporation
Your use of Altera Corporation's design tools, logic functions 
and other software and tools, and its AMPP partner logic 
functions, and any output files from any of the foregoing 
(including device programming or simulation files), and any 
associated documentation or information are expressly subject 
to the terms and conditions of the Altera Program License 
Subscription Agreement, Altera MegaCore Function License 
Agreement, or other applicable license agreement, including, 
without limitation, that your use is for the sole purpose of 
programming logic devices manufactured by Altera and sold by 
Altera or its authorized distributors.  Please refer to the 
applicable agreement for further details.



+-----------------------------------------------------------------------------------+
; Flow Summary                                                                      ;
+------------------------------------+----------------------------------------------+
; Flow Status                        ; Successful - Fri Nov 25 10:11:56 2016        ;
; Quartus II Version                 ; 9.1 Build 350 03/24/2010 SP 2 SJ Web Edition ;
; Revision Name                      ; FPz8_Cyclone_IV                              ;
; Top-level Entity Name              ; CPU                                          ;
; Family                             ; Cyclone IV E                                 ;
; Device                             ; EP4CE6E22C8                                  ;
; Timing Models                      ; Preliminary                                  ;
; Met timing requirements            ; N/A                                          ;
; Total logic elements               ; 5,009 / 6,272 ( 80 % )                       ;
;     Total combinational functions  ; 4,952 / 6,272 ( 79 % )                       ;
;     Dedicated logic registers      ; 584 / 6,272 ( 9 % )                          ;
; Total registers                    ; 584                                          ;
; Total pins                         ; 12 / 92 ( 13 % )                             ;
; Total virtual pins                 ; 0                                            ;
; Total memory bits                  ; 147,456 / 276,480 ( 53 % )                   ;
; Embedded Multiplier 9-bit elements ; 1 / 30 ( 3 % )                               ;
; Total PLLs                         ; 0 / 2 ( 0 % )                                ;
+------------------------------------+----------------------------------------------+


+-----------------------------------------+
; Flow Settings                           ;
+-------------------+---------------------+
; Option            ; Setting             ;
+-------------------+---------------------+
; Start date & time ; 11/25/2016 10:08:19 ;
; Main task         ; Compilation         ;
; Revision Name     ; FPz8_Cyclone_IV     ;
+-------------------+---------------------+


+---------------------------------------------------------------------------------------------------------------------------------------------------------------------+
; Flow Non-Default Global Settings                                                                                                                                    ;
+------------------------------------+------------------------------------------------------------------+------------------------------+-------------+----------------+
; Assignment Name                    ; Value                                                            ; Default Value                ; Entity Name ; Section Id     ;
+------------------------------------+------------------------------------------------------------------+------------------------------+-------------+----------------+
; ALLOW_ANY_RAM_SIZE_FOR_RECOGNITION ; On                                                               ; Off                          ; --          ; --             ;
; COMPILER_SIGNATURE_ID              ; 8796753254599.148007569904036                                    ; --                           ; --          ; --             ;
; FITTER_EFFORT                      ; Standard Fit                                                     ; Auto Fit                     ; --          ; --             ;
; INCREMENTAL_COMPILATION            ; Off                                                              ; FULL_INCREMENTAL_COMPILATION ; --          ; --             ;
; IP_TOOL_NAME                       ; ALTSYNCRAM                                                       ; --                           ; --          ; --             ;
; IP_TOOL_NAME                       ; ALTSYNCRAM                                                       ; --                           ; --          ; --             ;
; IP_TOOL_NAME                       ; ALTSYNCRAM                                                       ; --                           ; --          ; --             ;
; IP_TOOL_VERSION                    ; 9.1                                                              ; --                           ; --          ; --             ;
; IP_TOOL_VERSION                    ; 9.1                                                              ; --                           ; --          ; --             ;
; IP_TOOL_VERSION                    ; 9.1                                                              ; --                           ; --          ; --             ;
; MAX_CORE_JUNCTION_TEMP             ; 85                                                               ; --                           ; --          ; --             ;
; MIN_CORE_JUNCTION_TEMP             ; 0                                                                ; --                           ; --          ; --             ;
; MISC_FILE                          ; E:/VHDL/AHMES_IO2/AHMES.dpf                                      ; --                           ; --          ; --             ;
; MISC_FILE                          ; altsyncram0.bsf                                                  ; --                           ; --          ; --             ;
; MISC_FILE                          ; altsyncram0.cmp                                                  ; --                           ; --          ; --             ;
; MISC_FILE                          ; altsyncram1.bsf                                                  ; --                           ; --          ; --             ;
; MISC_FILE                          ; altsyncram1.cmp                                                  ; --                           ; --          ; --             ;
; MISC_FILE                          ; altsyncram2.bsf                                                  ; --                           ; --          ; --             ;
; MISC_FILE                          ; altsyncram2.cmp                                                  ; --                           ; --          ; --             ;
; NOMINAL_CORE_SUPPLY_VOLTAGE        ; 1.2V                                                             ; --                           ; --          ; --             ;
; PARTITION_NETLIST_TYPE             ; SOURCE                                                           ; --                           ; CPU         ; Top            ;
; SEARCH_PATH                        ; C:\Documents and Settings\Fábio Pereira\My Documents\vhdl\ahmes/ ; --                           ; --          ; --             ;
; SMART_RECOMPILE                    ; On                                                               ; Off                          ; --          ; --             ;
; TOP_LEVEL_ENTITY                   ; CPU                                                              ; FPz8_Cyclone_IV              ; --          ; --             ;
; USER_LIBRARIES                     ; C:\Documents and Settings\Fábio Pereira\My Documents\vhdl\ahmes  ; --                           ; --          ; --             ;
; USE_GENERATED_PHYSICAL_CONSTRAINTS ; Off                                                              ; --                           ; --          ; eda_blast_fpga ;
+------------------------------------+------------------------------------------------------------------+------------------------------+-------------+----------------+


+-------------------------------------------------------------------------------------------------------------------------------+
; Flow Elapsed Time                                                                                                             ;
+---------------------------+--------------+-------------------------+---------------------+------------------------------------+
; Module Name               ; Elapsed Time ; Average Processors Used ; Peak Virtual Memory ; Total CPU Time (on all processors) ;
+---------------------------+--------------+-------------------------+---------------------+------------------------------------+
; Analysis & Synthesis      ; 00:02:34     ; 1.0                     ; 267 MB              ; 00:02:30                           ;
; Fitter                    ; 00:00:55     ; 1.0                     ; 311 MB              ; 00:00:54                           ;
; TimeQuest Timing Analyzer ; 00:00:20     ; 1.0                     ; 259 MB              ; 00:00:16                           ;
; Assembler                 ; 00:00:04     ; 1.0                     ; 202 MB              ; 00:00:03                           ;
; Total                     ; 00:03:49     ; --                      ; --                  ; 00:03:40                           ;
+---------------------------+--------------+-------------------------+---------------------+------------------------------------+


+--------------------------------------------------------------------------------------------+
; Flow OS Summary                                                                            ;
+---------------------------+------------------+---------------+------------+----------------+
; Module Name               ; Machine Hostname ; OS Name       ; OS Version ; Processor type ;
+---------------------------+------------------+---------------+------------+----------------+
; Analysis & Synthesis      ; Fabio-PC         ; Windows Vista ; 6.1        ; i686           ;
; Fitter                    ; Fabio-PC         ; Windows Vista ; 6.1        ; i686           ;
; Assembler                 ; Fabio-PC         ; Windows Vista ; 6.1        ; i686           ;
; TimeQuest Timing Analyzer ; Fabio-PC         ; Windows Vista ; 6.1        ; i686           ;
+---------------------------+------------------+---------------+------------+----------------+


------------
; Flow Log ;
------------
quartus_map --read_settings_files=on --write_settings_files=off FPz8 -c FPz8_Cyclone_IV
quartus_fit --read_settings_files=off --write_settings_files=off FPz8 -c FPz8_Cyclone_IV
quartus_asm --read_settings_files=off --write_settings_files=off FPz8 -c FPz8_Cyclone_IV
quartus_sta FPz8 -c FPz8_Cyclone_IV



